  [1m[36m (133.6ms)[0m  [1mCREATE TABLE "schema_migrations" ("version" varchar NOT NULL) [0m
  [1m[35m (0.3ms)[0m  select sqlite_version(*)
  [1m[36m (132.5ms)[0m  [1mCREATE UNIQUE INDEX "unique_schema_migrations" ON "schema_migrations" ("version")[0m
  [1m[35mActiveRecord::SchemaMigration Load (0.2ms)[0m  SELECT "schema_migrations".* FROM "schema_migrations"
Migrating to CreateSellers (20161013194852)
  [1m[36m (0.1ms)[0m  [1mbegin transaction[0m
  [1m[35m (0.7ms)[0m  CREATE TABLE "rails_marketplace_sellers" ("id" INTEGER PRIMARY KEY AUTOINCREMENT NOT NULL, "email" varchar, "password" varchar, "password_digest" varchar, "first_name" varchar, "last_name" varchar, "created_at" datetime NOT NULL, "updated_at" datetime NOT NULL) 
  [1m[36mSQL (0.4ms)[0m  [1mINSERT INTO "schema_migrations" ("version") VALUES (?)[0m  [["version", "20161013194852"]]
  [1m[35m (124.8ms)[0m  commit transaction
Migrating to CreateCustomers (20161013195006)
  [1m[36m (0.1ms)[0m  [1mbegin transaction[0m
  [1m[35m (0.5ms)[0m  CREATE TABLE "rails_marketplace_customers" ("id" INTEGER PRIMARY KEY AUTOINCREMENT NOT NULL, "email" varchar, "password" varchar, "phone_number" varchar, "first_name" varchar, "last_name" varchar, "created_at" datetime NOT NULL, "updated_at" datetime NOT NULL) 
  [1m[36mSQL (0.3ms)[0m  [1mINSERT INTO "schema_migrations" ("version") VALUES (?)[0m  [["version", "20161013195006"]]
  [1m[35m (130.1ms)[0m  commit transaction
Migrating to CreateOrders (20161013195758)
  [1m[36m (0.1ms)[0m  [1mbegin transaction[0m
  [1m[35m (0.4ms)[0m  CREATE TABLE "rails_marketplace_orders" ("id" INTEGER PRIMARY KEY AUTOINCREMENT NOT NULL, "created_at" datetime NOT NULL, "updated_at" datetime NOT NULL) 
  [1m[36mSQL (0.2ms)[0m  [1mINSERT INTO "schema_migrations" ("version") VALUES (?)[0m  [["version", "20161013195758"]]
  [1m[35m (119.7ms)[0m  commit transaction
Migrating to CreateCategoryProducts (20161014013032)
  [1m[36m (0.1ms)[0m  [1mbegin transaction[0m
  [1m[35m (0.4ms)[0m  CREATE TABLE "rails_marketplace_category_products" ("id" INTEGER PRIMARY KEY AUTOINCREMENT NOT NULL, "product_id" integer, "category_id" integer, "created_at" datetime NOT NULL, "updated_at" datetime NOT NULL) 
  [1m[36m (0.3ms)[0m  [1mCREATE  INDEX "index_rails_marketplace_category_products_on_product_id" ON "rails_marketplace_category_products" ("product_id")[0m
  [1m[35m (0.2ms)[0m              SELECT sql
            FROM sqlite_master
            WHERE name='index_rails_marketplace_category_products_on_product_id' AND type='index'
            UNION ALL
            SELECT sql
            FROM sqlite_temp_master
            WHERE name='index_rails_marketplace_category_products_on_product_id' AND type='index'

  [1m[36m (0.3ms)[0m  [1mCREATE  INDEX "index_rails_marketplace_category_products_on_category_id" ON "rails_marketplace_category_products" ("category_id")[0m
  [1m[35mSQL (0.2ms)[0m  INSERT INTO "schema_migrations" ("version") VALUES (?)  [["version", "20161014013032"]]
  [1m[36m (139.2ms)[0m  [1mcommit transaction[0m
Migrating to CreateOrderProducts (20161014013058)
  [1m[35m (0.1ms)[0m  begin transaction
  [1m[36m (0.5ms)[0m  [1mCREATE TABLE "rails_marketplace_order_products" ("id" INTEGER PRIMARY KEY AUTOINCREMENT NOT NULL, "product_id" integer, "order_id" integer, "seller_id" integer, "quantity" integer, "price" varchar, "created_at" datetime NOT NULL, "updated_at" datetime NOT NULL) [0m
  [1m[35m (0.2ms)[0m  CREATE  INDEX "index_rails_marketplace_order_products_on_product_id" ON "rails_marketplace_order_products" ("product_id")
  [1m[36m (0.2ms)[0m  [1m            SELECT sql
            FROM sqlite_master
            WHERE name='index_rails_marketplace_order_products_on_product_id' AND type='index'
            UNION ALL
            SELECT sql
            FROM sqlite_temp_master
            WHERE name='index_rails_marketplace_order_products_on_product_id' AND type='index'
[0m
  [1m[35m (0.3ms)[0m  CREATE  INDEX "index_rails_marketplace_order_products_on_order_id" ON "rails_marketplace_order_products" ("order_id")
  [1m[36m (0.1ms)[0m  [1m            SELECT sql
            FROM sqlite_master
            WHERE name='index_rails_marketplace_order_products_on_order_id' AND type='index'
            UNION ALL
            SELECT sql
            FROM sqlite_temp_master
            WHERE name='index_rails_marketplace_order_products_on_order_id' AND type='index'
[0m
  [1m[35m (0.1ms)[0m              SELECT sql
            FROM sqlite_master
            WHERE name='index_rails_marketplace_order_products_on_product_id' AND type='index'
            UNION ALL
            SELECT sql
            FROM sqlite_temp_master
            WHERE name='index_rails_marketplace_order_products_on_product_id' AND type='index'

  [1m[36m (0.3ms)[0m  [1mCREATE  INDEX "index_rails_marketplace_order_products_on_seller_id" ON "rails_marketplace_order_products" ("seller_id")[0m
  [1m[35mSQL (0.3ms)[0m  INSERT INTO "schema_migrations" ("version") VALUES (?)  [["version", "20161014013058"]]
  [1m[36m (148.6ms)[0m  [1mcommit transaction[0m
Migrating to CreateAdmins (20161017185755)
  [1m[35m (0.1ms)[0m  begin transaction
  [1m[36m (0.5ms)[0m  [1mCREATE TABLE "rails_marketplace_admins" ("id" INTEGER PRIMARY KEY AUTOINCREMENT NOT NULL, "name" varchar, "email" varchar, "password" varchar, "password_digest" varchar, "created_at" datetime NOT NULL, "updated_at" datetime NOT NULL) [0m
  [1m[35mSQL (0.2ms)[0m  INSERT INTO "schema_migrations" ("version") VALUES (?)  [["version", "20161017185755"]]
  [1m[36m (153.0ms)[0m  [1mcommit transaction[0m
Migrating to CreateProducts (20161017232347)
  [1m[35m (0.1ms)[0m  begin transaction
  [1m[36m (0.5ms)[0m  [1mCREATE TABLE "rails_marketplace_products" ("id" INTEGER PRIMARY KEY AUTOINCREMENT NOT NULL, "title" varchar, "description" text, "images" varchar, "price" decimal(8,2), "quantity" integer, "files" varchar, "created_at" datetime NOT NULL, "updated_at" datetime NOT NULL) [0m
  [1m[35m (0.3ms)[0m  CREATE  INDEX "index_rails_marketplace_products_on_title" ON "rails_marketplace_products" ("title")
  [1m[36m (0.1ms)[0m  [1m            SELECT sql
            FROM sqlite_master
            WHERE name='index_rails_marketplace_products_on_title' AND type='index'
            UNION ALL
            SELECT sql
            FROM sqlite_temp_master
            WHERE name='index_rails_marketplace_products_on_title' AND type='index'
[0m
  [1m[35m (0.2ms)[0m  CREATE  INDEX "index_rails_marketplace_products_on_price" ON "rails_marketplace_products" ("price")
  [1m[36mSQL (0.2ms)[0m  [1mINSERT INTO "schema_migrations" ("version") VALUES (?)[0m  [["version", "20161017232347"]]
  [1m[35m (150.9ms)[0m  commit transaction
Migrating to AddReferenceProductSeller (20161019012043)
  [1m[36m (0.1ms)[0m  [1mbegin transaction[0m
  [1m[35m (0.6ms)[0m  ALTER TABLE "rails_marketplace_products" ADD "seller_id" integer
  [1m[36m (0.1ms)[0m  [1m            SELECT sql
            FROM sqlite_master
            WHERE name='index_rails_marketplace_products_on_price' AND type='index'
            UNION ALL
            SELECT sql
            FROM sqlite_temp_master
            WHERE name='index_rails_marketplace_products_on_price' AND type='index'
[0m
  [1m[35m (0.1ms)[0m              SELECT sql
            FROM sqlite_master
            WHERE name='index_rails_marketplace_products_on_title' AND type='index'
            UNION ALL
            SELECT sql
            FROM sqlite_temp_master
            WHERE name='index_rails_marketplace_products_on_title' AND type='index'

  [1m[36m (0.2ms)[0m  [1mCREATE  INDEX "index_rails_marketplace_products_on_seller_id" ON "rails_marketplace_products" ("seller_id")[0m
  [1m[35mSQL (0.2ms)[0m  INSERT INTO "schema_migrations" ("version") VALUES (?)  [["version", "20161019012043"]]
  [1m[36m (187.0ms)[0m  [1mcommit transaction[0m
Migrating to ChangeDataTypeImagesFiles (20161019013502)
  [1m[35m (0.1ms)[0m  begin transaction
  [1m[36m (0.5ms)[0m  [1mCREATE TEMPORARY TABLE "arails_marketplace_products" ("id" INTEGER PRIMARY KEY AUTOINCREMENT NOT NULL, "title" varchar, "description" text, "images" varchar, "price" decimal(8,2), "quantity" integer, "files" varchar, "created_at" datetime NOT NULL, "updated_at" datetime NOT NULL, "seller_id" integer) [0m
  [1m[35m (0.1ms)[0m              SELECT sql
            FROM sqlite_master
            WHERE name='index_rails_marketplace_products_on_seller_id' AND type='index'
            UNION ALL
            SELECT sql
            FROM sqlite_temp_master
            WHERE name='index_rails_marketplace_products_on_seller_id' AND type='index'

  [1m[36m (0.1ms)[0m  [1m            SELECT sql
            FROM sqlite_master
            WHERE name='index_rails_marketplace_products_on_price' AND type='index'
            UNION ALL
            SELECT sql
            FROM sqlite_temp_master
            WHERE name='index_rails_marketplace_products_on_price' AND type='index'
[0m
  [1m[35m (0.1ms)[0m              SELECT sql
            FROM sqlite_master
            WHERE name='index_rails_marketplace_products_on_title' AND type='index'
            UNION ALL
            SELECT sql
            FROM sqlite_temp_master
            WHERE name='index_rails_marketplace_products_on_title' AND type='index'

  [1m[36m (0.2ms)[0m  [1mCREATE  INDEX "tindex_arails_marketplace_products_on_seller_id" ON "arails_marketplace_products" ("seller_id")[0m
  [1m[35m (0.2ms)[0m  CREATE  INDEX "tindex_arails_marketplace_products_on_price" ON "arails_marketplace_products" ("price")
  [1m[36m (0.2ms)[0m  [1mCREATE  INDEX "tindex_arails_marketplace_products_on_title" ON "arails_marketplace_products" ("title")[0m
  [1m[35m (0.1ms)[0m  SELECT * FROM "rails_marketplace_products"
  [1m[36m (0.5ms)[0m  [1mDROP TABLE "rails_marketplace_products"[0m
  [1m[35m (0.3ms)[0m  CREATE TABLE "rails_marketplace_products" ("id" INTEGER PRIMARY KEY AUTOINCREMENT NOT NULL, "title" varchar, "description" text, "images" text, "price" decimal(8,2), "quantity" integer, "files" varchar, "created_at" datetime NOT NULL, "updated_at" datetime NOT NULL, "seller_id" integer) 
  [1m[36m (0.2ms)[0m  [1m            SELECT sql
            FROM sqlite_master
            WHERE name='tindex_arails_marketplace_products_on_title' AND type='index'
            UNION ALL
            SELECT sql
            FROM sqlite_temp_master
            WHERE name='tindex_arails_marketplace_products_on_title' AND type='index'
[0m
  [1m[35m (0.2ms)[0m              SELECT sql
            FROM sqlite_master
            WHERE name='tindex_arails_marketplace_products_on_price' AND type='index'
            UNION ALL
            SELECT sql
            FROM sqlite_temp_master
            WHERE name='tindex_arails_marketplace_products_on_price' AND type='index'

  [1m[36m (0.2ms)[0m  [1m            SELECT sql
            FROM sqlite_master
            WHERE name='tindex_arails_marketplace_products_on_seller_id' AND type='index'
            UNION ALL
            SELECT sql
            FROM sqlite_temp_master
            WHERE name='tindex_arails_marketplace_products_on_seller_id' AND type='index'
[0m
  [1m[35m (0.4ms)[0m  CREATE  INDEX "index_rails_marketplace_products_on_title" ON "rails_marketplace_products" ("title")
  [1m[36m (0.1ms)[0m  [1m            SELECT sql
            FROM sqlite_master
            WHERE name='index_rails_marketplace_products_on_title' AND type='index'
            UNION ALL
            SELECT sql
            FROM sqlite_temp_master
            WHERE name='index_rails_marketplace_products_on_title' AND type='index'
[0m
  [1m[35m (0.5ms)[0m  CREATE  INDEX "index_rails_marketplace_products_on_price" ON "rails_marketplace_products" ("price")
  [1m[36m (0.1ms)[0m  [1m            SELECT sql
            FROM sqlite_master
            WHERE name='index_rails_marketplace_products_on_price' AND type='index'
            UNION ALL
            SELECT sql
            FROM sqlite_temp_master
            WHERE name='index_rails_marketplace_products_on_price' AND type='index'
[0m
  [1m[35m (0.1ms)[0m              SELECT sql
            FROM sqlite_master
            WHERE name='index_rails_marketplace_products_on_title' AND type='index'
            UNION ALL
            SELECT sql
            FROM sqlite_temp_master
            WHERE name='index_rails_marketplace_products_on_title' AND type='index'

  [1m[36m (0.2ms)[0m  [1mCREATE  INDEX "index_rails_marketplace_products_on_seller_id" ON "rails_marketplace_products" ("seller_id")[0m
  [1m[35m (0.1ms)[0m  SELECT * FROM "arails_marketplace_products"
  [1m[36m (0.4ms)[0m  [1mDROP TABLE "arails_marketplace_products"[0m
  [1m[35m (0.3ms)[0m  CREATE TEMPORARY TABLE "arails_marketplace_products" ("id" INTEGER PRIMARY KEY AUTOINCREMENT NOT NULL, "title" varchar, "description" text, "images" text, "price" decimal(8,2), "quantity" integer, "files" varchar, "created_at" datetime NOT NULL, "updated_at" datetime NOT NULL, "seller_id" integer) 
  [1m[36m (0.1ms)[0m  [1m            SELECT sql
            FROM sqlite_master
            WHERE name='index_rails_marketplace_products_on_seller_id' AND type='index'
            UNION ALL
            SELECT sql
            FROM sqlite_temp_master
            WHERE name='index_rails_marketplace_products_on_seller_id' AND type='index'
[0m
  [1m[35m (0.1ms)[0m              SELECT sql
            FROM sqlite_master
            WHERE name='index_rails_marketplace_products_on_price' AND type='index'
            UNION ALL
            SELECT sql
            FROM sqlite_temp_master
            WHERE name='index_rails_marketplace_products_on_price' AND type='index'

  [1m[36m (0.1ms)[0m  [1m            SELECT sql
            FROM sqlite_master
            WHERE name='index_rails_marketplace_products_on_title' AND type='index'
            UNION ALL
            SELECT sql
            FROM sqlite_temp_master
            WHERE name='index_rails_marketplace_products_on_title' AND type='index'
[0m
  [1m[35m (0.2ms)[0m  CREATE  INDEX "tindex_arails_marketplace_products_on_seller_id" ON "arails_marketplace_products" ("seller_id")
  [1m[36m (0.2ms)[0m  [1mCREATE  INDEX "tindex_arails_marketplace_products_on_price" ON "arails_marketplace_products" ("price")[0m
  [1m[35m (0.2ms)[0m  CREATE  INDEX "tindex_arails_marketplace_products_on_title" ON "arails_marketplace_products" ("title")
  [1m[36m (0.1ms)[0m  [1mSELECT * FROM "rails_marketplace_products"[0m
  [1m[35m (0.5ms)[0m  DROP TABLE "rails_marketplace_products"
  [1m[36m (0.6ms)[0m  [1mCREATE TABLE "rails_marketplace_products" ("id" INTEGER PRIMARY KEY AUTOINCREMENT NOT NULL, "title" varchar, "description" text, "images" text, "price" decimal(8,2), "quantity" integer, "files" text, "created_at" datetime NOT NULL, "updated_at" datetime NOT NULL, "seller_id" integer) [0m
  [1m[35m (0.1ms)[0m              SELECT sql
            FROM sqlite_master
            WHERE name='tindex_arails_marketplace_products_on_title' AND type='index'
            UNION ALL
            SELECT sql
            FROM sqlite_temp_master
            WHERE name='tindex_arails_marketplace_products_on_title' AND type='index'

  [1m[36m (0.1ms)[0m  [1m            SELECT sql
            FROM sqlite_master
            WHERE name='tindex_arails_marketplace_products_on_price' AND type='index'
            UNION ALL
            SELECT sql
            FROM sqlite_temp_master
            WHERE name='tindex_arails_marketplace_products_on_price' AND type='index'
[0m
  [1m[35m (0.1ms)[0m              SELECT sql
            FROM sqlite_master
            WHERE name='tindex_arails_marketplace_products_on_seller_id' AND type='index'
            UNION ALL
            SELECT sql
            FROM sqlite_temp_master
            WHERE name='tindex_arails_marketplace_products_on_seller_id' AND type='index'

  [1m[36m (0.2ms)[0m  [1mCREATE  INDEX "index_rails_marketplace_products_on_title" ON "rails_marketplace_products" ("title")[0m
  [1m[35m (0.2ms)[0m              SELECT sql
            FROM sqlite_master
            WHERE name='index_rails_marketplace_products_on_title' AND type='index'
            UNION ALL
            SELECT sql
            FROM sqlite_temp_master
            WHERE name='index_rails_marketplace_products_on_title' AND type='index'

  [1m[36m (0.3ms)[0m  [1mCREATE  INDEX "index_rails_marketplace_products_on_price" ON "rails_marketplace_products" ("price")[0m
  [1m[35m (0.1ms)[0m              SELECT sql
            FROM sqlite_master
            WHERE name='index_rails_marketplace_products_on_price' AND type='index'
            UNION ALL
            SELECT sql
            FROM sqlite_temp_master
            WHERE name='index_rails_marketplace_products_on_price' AND type='index'

  [1m[36m (0.1ms)[0m  [1m            SELECT sql
            FROM sqlite_master
            WHERE name='index_rails_marketplace_products_on_title' AND type='index'
            UNION ALL
            SELECT sql
            FROM sqlite_temp_master
            WHERE name='index_rails_marketplace_products_on_title' AND type='index'
[0m
  [1m[35m (0.2ms)[0m  CREATE  INDEX "index_rails_marketplace_products_on_seller_id" ON "rails_marketplace_products" ("seller_id")
  [1m[36m (0.1ms)[0m  [1mSELECT * FROM "arails_marketplace_products"[0m
  [1m[35m (0.3ms)[0m  DROP TABLE "arails_marketplace_products"
  [1m[36mSQL (0.2ms)[0m  [1mINSERT INTO "schema_migrations" ("version") VALUES (?)[0m  [["version", "20161019013502"]]
  [1m[35m (135.3ms)[0m  commit transaction
Migrating to AddReferenceOrderCustomers (20161019022020)
  [1m[36m (0.1ms)[0m  [1mbegin transaction[0m
  [1m[35m (0.7ms)[0m  ALTER TABLE "rails_marketplace_orders" ADD "customer_id" integer
  [1m[36m (0.4ms)[0m  [1mCREATE  INDEX "index_rails_marketplace_orders_on_customer_id" ON "rails_marketplace_orders" ("customer_id")[0m
  [1m[35mSQL (0.3ms)[0m  INSERT INTO "schema_migrations" ("version") VALUES (?)  [["version", "20161019022020"]]
  [1m[36m (228.4ms)[0m  [1mcommit transaction[0m
Migrating to CreateCategories (20161109191644)
  [1m[35m (0.1ms)[0m  begin transaction
  [1m[36m (0.5ms)[0m  [1mCREATE TABLE "rails_marketplace_categories" ("id" INTEGER PRIMARY KEY AUTOINCREMENT NOT NULL, "name" varchar, "description" text, "image" varchar, "parent_id" integer, "depth" integer DEFAULT 0 NOT NULL) [0m
  [1m[35m (0.2ms)[0m  CREATE  INDEX "index_rails_marketplace_categories_on_parent_id" ON "rails_marketplace_categories" ("parent_id")
  [1m[36mSQL (0.2ms)[0m  [1mINSERT INTO "schema_migrations" ("version") VALUES (?)[0m  [["version", "20161109191644"]]
  [1m[35m (152.0ms)[0m  commit transaction
Migrating to CreateFriendlyIdSlugs (20161110021043)
  [1m[36m (0.2ms)[0m  [1mbegin transaction[0m
  [1m[35m (0.7ms)[0m  CREATE TABLE "rails_marketplace_friendly_id_slugs" ("id" INTEGER PRIMARY KEY AUTOINCREMENT NOT NULL, "slug" varchar NOT NULL, "sluggable_id" integer NOT NULL, "sluggable_type" varchar(50), "scope" varchar, "created_at" datetime) 
  [1m[36m (0.5ms)[0m  [1mCREATE  INDEX "index_rails_marketplace_friendly_id_slugs_on_sluggable_id" ON "rails_marketplace_friendly_id_slugs" ("sluggable_id")[0m
  [1m[35mSQL (0.2ms)[0m  INSERT INTO "schema_migrations" ("version") VALUES (?)  [["version", "20161110021043"]]
  [1m[36m (149.5ms)[0m  [1mcommit transaction[0m
Migrating to AddSlugToCategory (20161110021131)
  [1m[35m (0.1ms)[0m  begin transaction
  [1m[36m (0.6ms)[0m  [1mALTER TABLE "rails_marketplace_categories" ADD "slug" varchar[0m
  [1m[35m (0.1ms)[0m              SELECT sql
            FROM sqlite_master
            WHERE name='index_rails_marketplace_categories_on_parent_id' AND type='index'
            UNION ALL
            SELECT sql
            FROM sqlite_temp_master
            WHERE name='index_rails_marketplace_categories_on_parent_id' AND type='index'

  [1m[36m (0.4ms)[0m  [1mCREATE UNIQUE INDEX "index_rails_marketplace_categories_on_slug" ON "rails_marketplace_categories" ("slug")[0m
  [1m[35mSQL (0.2ms)[0m  INSERT INTO "schema_migrations" ("version") VALUES (?)  [["version", "20161110021131"]]
  [1m[36m (152.0ms)[0m  [1mcommit transaction[0m
Migrating to AddSlugToProduct (20161110024118)
  [1m[35m (0.1ms)[0m  begin transaction
  [1m[36m (0.6ms)[0m  [1mALTER TABLE "rails_marketplace_products" ADD "slug" varchar[0m
  [1m[35m (0.1ms)[0m              SELECT sql
            FROM sqlite_master
            WHERE name='index_rails_marketplace_products_on_seller_id' AND type='index'
            UNION ALL
            SELECT sql
            FROM sqlite_temp_master
            WHERE name='index_rails_marketplace_products_on_seller_id' AND type='index'

  [1m[36m (0.1ms)[0m  [1m            SELECT sql
            FROM sqlite_master
            WHERE name='index_rails_marketplace_products_on_price' AND type='index'
            UNION ALL
            SELECT sql
            FROM sqlite_temp_master
            WHERE name='index_rails_marketplace_products_on_price' AND type='index'
[0m
  [1m[35m (0.1ms)[0m              SELECT sql
            FROM sqlite_master
            WHERE name='index_rails_marketplace_products_on_title' AND type='index'
            UNION ALL
            SELECT sql
            FROM sqlite_temp_master
            WHERE name='index_rails_marketplace_products_on_title' AND type='index'

  [1m[36m (0.4ms)[0m  [1mCREATE UNIQUE INDEX "index_rails_marketplace_products_on_slug" ON "rails_marketplace_products" ("slug")[0m
  [1m[35mSQL (0.2ms)[0m  INSERT INTO "schema_migrations" ("version") VALUES (?)  [["version", "20161110024118"]]
  [1m[36m (162.4ms)[0m  [1mcommit transaction[0m
Migrating to CreateCarts (20161111001446)
  [1m[35m (0.1ms)[0m  begin transaction
  [1m[36m (0.5ms)[0m  [1mCREATE TABLE "rails_marketplace_carts" ("id" INTEGER PRIMARY KEY AUTOINCREMENT NOT NULL, "customer_id" integer, "created_at" datetime NOT NULL, "updated_at" datetime NOT NULL) [0m
  [1m[35m (0.7ms)[0m  CREATE  INDEX "index_rails_marketplace_carts_on_customer_id" ON "rails_marketplace_carts" ("customer_id")
  [1m[36mSQL (0.2ms)[0m  [1mINSERT INTO "schema_migrations" ("version") VALUES (?)[0m  [["version", "20161111001446"]]
  [1m[35m (150.9ms)[0m  commit transaction
Migrating to CreateCartProducts (20161111004451)
  [1m[36m (0.2ms)[0m  [1mbegin transaction[0m
  [1m[35m (0.6ms)[0m  CREATE TABLE "rails_marketplace_cart_products" ("id" INTEGER PRIMARY KEY AUTOINCREMENT NOT NULL, "product_id" integer, "cart_id" integer, "quantity" integer, "price" varchar, "created_at" datetime NOT NULL, "updated_at" datetime NOT NULL) 
  [1m[36m (0.3ms)[0m  [1mCREATE  INDEX "index_rails_marketplace_cart_products_on_product_id" ON "rails_marketplace_cart_products" ("product_id")[0m
  [1m[35m (0.2ms)[0m              SELECT sql
            FROM sqlite_master
            WHERE name='index_rails_marketplace_cart_products_on_product_id' AND type='index'
            UNION ALL
            SELECT sql
            FROM sqlite_temp_master
            WHERE name='index_rails_marketplace_cart_products_on_product_id' AND type='index'

  [1m[36m (0.3ms)[0m  [1mCREATE  INDEX "index_rails_marketplace_cart_products_on_cart_id" ON "rails_marketplace_cart_products" ("cart_id")[0m
  [1m[35mSQL (0.2ms)[0m  INSERT INTO "schema_migrations" ("version") VALUES (?)  [["version", "20161111004451"]]
  [1m[36m (151.8ms)[0m  [1mcommit transaction[0m
Migrating to AddCurrencyFormatToPrice (20161115013956)
  [1m[35m (0.1ms)[0m  begin transaction
  [1m[36m (0.5ms)[0m  [1mCREATE TEMPORARY TABLE "arails_marketplace_products" ("id" INTEGER PRIMARY KEY AUTOINCREMENT NOT NULL, "title" varchar, "description" text, "images" text, "price" decimal(8,2), "quantity" integer, "files" text, "created_at" datetime NOT NULL, "updated_at" datetime NOT NULL, "seller_id" integer, "slug" varchar) [0m
  [1m[35m (0.2ms)[0m              SELECT sql
            FROM sqlite_master
            WHERE name='index_rails_marketplace_products_on_slug' AND type='index'
            UNION ALL
            SELECT sql
            FROM sqlite_temp_master
            WHERE name='index_rails_marketplace_products_on_slug' AND type='index'

  [1m[36m (0.2ms)[0m  [1m            SELECT sql
            FROM sqlite_master
            WHERE name='index_rails_marketplace_products_on_seller_id' AND type='index'
            UNION ALL
            SELECT sql
            FROM sqlite_temp_master
            WHERE name='index_rails_marketplace_products_on_seller_id' AND type='index'
[0m
  [1m[35m (0.2ms)[0m              SELECT sql
            FROM sqlite_master
            WHERE name='index_rails_marketplace_products_on_price' AND type='index'
            UNION ALL
            SELECT sql
            FROM sqlite_temp_master
            WHERE name='index_rails_marketplace_products_on_price' AND type='index'

  [1m[36m (0.2ms)[0m  [1m            SELECT sql
            FROM sqlite_master
            WHERE name='index_rails_marketplace_products_on_title' AND type='index'
            UNION ALL
            SELECT sql
            FROM sqlite_temp_master
            WHERE name='index_rails_marketplace_products_on_title' AND type='index'
[0m
  [1m[35m (0.3ms)[0m  CREATE UNIQUE INDEX "tindex_arails_marketplace_products_on_slug" ON "arails_marketplace_products" ("slug")
  [1m[36m (0.4ms)[0m  [1mCREATE  INDEX "tindex_arails_marketplace_products_on_seller_id" ON "arails_marketplace_products" ("seller_id")[0m
  [1m[35m (0.3ms)[0m  CREATE  INDEX "tindex_arails_marketplace_products_on_price" ON "arails_marketplace_products" ("price")
  [1m[36m (0.2ms)[0m  [1mCREATE  INDEX "tindex_arails_marketplace_products_on_title" ON "arails_marketplace_products" ("title")[0m
  [1m[35m (0.2ms)[0m  SELECT * FROM "rails_marketplace_products"
  [1m[36m (0.7ms)[0m  [1mDROP TABLE "rails_marketplace_products"[0m
  [1m[35m (0.5ms)[0m  CREATE TABLE "rails_marketplace_products" ("id" INTEGER PRIMARY KEY AUTOINCREMENT NOT NULL, "title" varchar, "description" text, "images" text, "price" decimal(8,2), "quantity" integer, "files" text, "created_at" datetime NOT NULL, "updated_at" datetime NOT NULL, "seller_id" integer, "slug" varchar) 
  [1m[36m (0.2ms)[0m  [1m            SELECT sql
            FROM sqlite_master
            WHERE name='tindex_arails_marketplace_products_on_title' AND type='index'
            UNION ALL
            SELECT sql
            FROM sqlite_temp_master
            WHERE name='tindex_arails_marketplace_products_on_title' AND type='index'
[0m
  [1m[35m (0.2ms)[0m              SELECT sql
            FROM sqlite_master
            WHERE name='tindex_arails_marketplace_products_on_price' AND type='index'
            UNION ALL
            SELECT sql
            FROM sqlite_temp_master
            WHERE name='tindex_arails_marketplace_products_on_price' AND type='index'

  [1m[36m (0.2ms)[0m  [1m            SELECT sql
            FROM sqlite_master
            WHERE name='tindex_arails_marketplace_products_on_seller_id' AND type='index'
            UNION ALL
            SELECT sql
            FROM sqlite_temp_master
            WHERE name='tindex_arails_marketplace_products_on_seller_id' AND type='index'
[0m
  [1m[35m (0.2ms)[0m              SELECT sql
            FROM sqlite_master
            WHERE name='tindex_arails_marketplace_products_on_slug' AND type='index'
            UNION ALL
            SELECT sql
            FROM sqlite_temp_master
            WHERE name='tindex_arails_marketplace_products_on_slug' AND type='index'

  [1m[36m (0.3ms)[0m  [1mCREATE  INDEX "index_rails_marketplace_products_on_title" ON "rails_marketplace_products" ("title")[0m
  [1m[35m (0.2ms)[0m              SELECT sql
            FROM sqlite_master
            WHERE name='index_rails_marketplace_products_on_title' AND type='index'
            UNION ALL
            SELECT sql
            FROM sqlite_temp_master
            WHERE name='index_rails_marketplace_products_on_title' AND type='index'

  [1m[36m (0.3ms)[0m  [1mCREATE  INDEX "index_rails_marketplace_products_on_price" ON "rails_marketplace_products" ("price")[0m
  [1m[35m (0.2ms)[0m              SELECT sql
            FROM sqlite_master
            WHERE name='index_rails_marketplace_products_on_price' AND type='index'
            UNION ALL
            SELECT sql
            FROM sqlite_temp_master
            WHERE name='index_rails_marketplace_products_on_price' AND type='index'

  [1m[36m (0.2ms)[0m  [1m            SELECT sql
            FROM sqlite_master
            WHERE name='index_rails_marketplace_products_on_title' AND type='index'
            UNION ALL
            SELECT sql
            FROM sqlite_temp_master
            WHERE name='index_rails_marketplace_products_on_title' AND type='index'
[0m
  [1m[35m (0.4ms)[0m  CREATE  INDEX "index_rails_marketplace_products_on_seller_id" ON "rails_marketplace_products" ("seller_id")
  [1m[36m (0.2ms)[0m  [1m            SELECT sql
            FROM sqlite_master
            WHERE name='index_rails_marketplace_products_on_seller_id' AND type='index'
            UNION ALL
            SELECT sql
            FROM sqlite_temp_master
            WHERE name='index_rails_marketplace_products_on_seller_id' AND type='index'
[0m
  [1m[35m (0.2ms)[0m              SELECT sql
            FROM sqlite_master
            WHERE name='index_rails_marketplace_products_on_price' AND type='index'
            UNION ALL
            SELECT sql
            FROM sqlite_temp_master
            WHERE name='index_rails_marketplace_products_on_price' AND type='index'

  [1m[36m (0.2ms)[0m  [1m            SELECT sql
            FROM sqlite_master
            WHERE name='index_rails_marketplace_products_on_title' AND type='index'
            UNION ALL
            SELECT sql
            FROM sqlite_temp_master
            WHERE name='index_rails_marketplace_products_on_title' AND type='index'
[0m
  [1m[35m (0.4ms)[0m  CREATE UNIQUE INDEX "index_rails_marketplace_products_on_slug" ON "rails_marketplace_products" ("slug")
  [1m[36m (0.2ms)[0m  [1mSELECT * FROM "arails_marketplace_products"[0m
  [1m[35m (0.4ms)[0m  DROP TABLE "arails_marketplace_products"
  [1m[36m (0.4ms)[0m  [1mCREATE TEMPORARY TABLE "arails_marketplace_cart_products" ("id" INTEGER PRIMARY KEY AUTOINCREMENT NOT NULL, "product_id" integer, "cart_id" integer, "quantity" integer, "price" varchar, "created_at" datetime NOT NULL, "updated_at" datetime NOT NULL) [0m
  [1m[35m (0.2ms)[0m              SELECT sql
            FROM sqlite_master
            WHERE name='index_rails_marketplace_cart_products_on_cart_id' AND type='index'
            UNION ALL
            SELECT sql
            FROM sqlite_temp_master
            WHERE name='index_rails_marketplace_cart_products_on_cart_id' AND type='index'

  [1m[36m (0.2ms)[0m  [1m            SELECT sql
            FROM sqlite_master
            WHERE name='index_rails_marketplace_cart_products_on_product_id' AND type='index'
            UNION ALL
            SELECT sql
            FROM sqlite_temp_master
            WHERE name='index_rails_marketplace_cart_products_on_product_id' AND type='index'
[0m
  [1m[35m (0.3ms)[0m  CREATE  INDEX "tindex_arails_marketplace_cart_products_on_cart_id" ON "arails_marketplace_cart_products" ("cart_id")
  [1m[36m (0.2ms)[0m  [1mCREATE  INDEX "tindex_arails_marketplace_cart_products_on_product_id" ON "arails_marketplace_cart_products" ("product_id")[0m
  [1m[35m (0.2ms)[0m  SELECT * FROM "rails_marketplace_cart_products"
  [1m[36m (0.4ms)[0m  [1mDROP TABLE "rails_marketplace_cart_products"[0m
  [1m[35m (0.4ms)[0m  CREATE TABLE "rails_marketplace_cart_products" ("id" INTEGER PRIMARY KEY AUTOINCREMENT NOT NULL, "product_id" integer, "cart_id" integer, "quantity" integer, "created_at" datetime NOT NULL, "updated_at" datetime NOT NULL) 
  [1m[36m (0.2ms)[0m  [1m            SELECT sql
            FROM sqlite_master
            WHERE name='tindex_arails_marketplace_cart_products_on_product_id' AND type='index'
            UNION ALL
            SELECT sql
            FROM sqlite_temp_master
            WHERE name='tindex_arails_marketplace_cart_products_on_product_id' AND type='index'
[0m
  [1m[35m (0.2ms)[0m              SELECT sql
            FROM sqlite_master
            WHERE name='tindex_arails_marketplace_cart_products_on_cart_id' AND type='index'
            UNION ALL
            SELECT sql
            FROM sqlite_temp_master
            WHERE name='tindex_arails_marketplace_cart_products_on_cart_id' AND type='index'

  [1m[36m (0.3ms)[0m  [1mCREATE  INDEX "index_rails_marketplace_cart_products_on_product_id" ON "rails_marketplace_cart_products" ("product_id")[0m
  [1m[35m (0.2ms)[0m              SELECT sql
            FROM sqlite_master
            WHERE name='index_rails_marketplace_cart_products_on_product_id' AND type='index'
            UNION ALL
            SELECT sql
            FROM sqlite_temp_master
            WHERE name='index_rails_marketplace_cart_products_on_product_id' AND type='index'

  [1m[36m (0.2ms)[0m  [1mCREATE  INDEX "index_rails_marketplace_cart_products_on_cart_id" ON "rails_marketplace_cart_products" ("cart_id")[0m
  [1m[35m (0.2ms)[0m  SELECT * FROM "arails_marketplace_cart_products"
  [1m[36m (0.4ms)[0m  [1mDROP TABLE "arails_marketplace_cart_products"[0m
  [1m[35mSQL (0.3ms)[0m  INSERT INTO "schema_migrations" ("version") VALUES (?)  [["version", "20161115013956"]]
  [1m[36m (111.5ms)[0m  [1mcommit transaction[0m
Migrating to MonetizeProduct (20161115015227)
  [1m[35m (0.1ms)[0m  begin transaction
  [1m[36mSQL (0.3ms)[0m  [1mINSERT INTO "schema_migrations" ("version") VALUES (?)[0m  [["version", "20161115015227"]]
  [1m[35m (132.1ms)[0m  commit transaction
Migrating to AddStripeKeyToAdmin (20161115032905)
  [1m[36m (0.1ms)[0m  [1mbegin transaction[0m
  [1m[35m (0.6ms)[0m  ALTER TABLE "rails_marketplace_admins" ADD "stripe_publishable_key" varchar
  [1m[36m (0.3ms)[0m  [1mALTER TABLE "rails_marketplace_admins" ADD "stripe_secret_key" varchar[0m
  [1m[35mSQL (0.2ms)[0m  INSERT INTO "schema_migrations" ("version") VALUES (?)  [["version", "20161115032905"]]
  [1m[36m (129.8ms)[0m  [1mcommit transaction[0m
Migrating to AddOrderFields (20161124015608)
  [1m[35m (0.1ms)[0m  begin transaction
  [1m[36m (0.6ms)[0m  [1mALTER TABLE "rails_marketplace_orders" ADD "email" varchar[0m
  [1m[35m (0.3ms)[0m  ALTER TABLE "rails_marketplace_orders" ADD "fullname" varchar
  [1m[36m (0.3ms)[0m  [1mALTER TABLE "rails_marketplace_orders" ADD "address1" varchar[0m
  [1m[35m (0.3ms)[0m  ALTER TABLE "rails_marketplace_orders" ADD "address2" varchar
  [1m[36m (0.3ms)[0m  [1mALTER TABLE "rails_marketplace_orders" ADD "city" varchar[0m
  [1m[35m (0.3ms)[0m  ALTER TABLE "rails_marketplace_orders" ADD "state" varchar
  [1m[36m (0.3ms)[0m  [1mALTER TABLE "rails_marketplace_orders" ADD "zip" varchar[0m
  [1m[35m (0.4ms)[0m  ALTER TABLE "rails_marketplace_orders" ADD "country" varchar
  [1m[36m (0.3ms)[0m  [1mALTER TABLE "rails_marketplace_orders" ADD "phone" varchar[0m
  [1m[35m (0.3ms)[0m  ALTER TABLE "rails_marketplace_orders" ADD "shipping_method" varchar
  [1m[36m (0.3ms)[0m  [1mALTER TABLE "rails_marketplace_orders" ADD "is_gift" boolean[0m
  [1m[35m (0.3ms)[0m  ALTER TABLE "rails_marketplace_orders" ADD "gift_message" text
  [1m[36mSQL (0.3ms)[0m  [1mINSERT INTO "schema_migrations" ("version") VALUES (?)[0m  [["version", "20161124015608"]]
  [1m[35m (133.8ms)[0m  commit transaction
Migrating to AddSellerToOrders (20161207193917)
  [1m[36m (0.1ms)[0m  [1mbegin transaction[0m
  [1m[35m (0.6ms)[0m  ALTER TABLE "rails_marketplace_orders" ADD "seller_id" integer
  [1m[36m (0.1ms)[0m  [1m            SELECT sql
            FROM sqlite_master
            WHERE name='index_rails_marketplace_orders_on_customer_id' AND type='index'
            UNION ALL
            SELECT sql
            FROM sqlite_temp_master
            WHERE name='index_rails_marketplace_orders_on_customer_id' AND type='index'
[0m
  [1m[35m (0.3ms)[0m  CREATE  INDEX "index_rails_marketplace_orders_on_seller_id" ON "rails_marketplace_orders" ("seller_id")
  [1m[36m (0.3ms)[0m  [1mCREATE TEMPORARY TABLE "arails_marketplace_order_products" ("id" INTEGER PRIMARY KEY AUTOINCREMENT NOT NULL, "product_id" integer, "order_id" integer, "seller_id" integer, "quantity" integer, "price" varchar, "created_at" datetime NOT NULL, "updated_at" datetime NOT NULL) [0m
  [1m[35m (0.2ms)[0m              SELECT sql
            FROM sqlite_master
            WHERE name='index_rails_marketplace_order_products_on_seller_id' AND type='index'
            UNION ALL
            SELECT sql
            FROM sqlite_temp_master
            WHERE name='index_rails_marketplace_order_products_on_seller_id' AND type='index'

  [1m[36m (0.1ms)[0m  [1m            SELECT sql
            FROM sqlite_master
            WHERE name='index_rails_marketplace_order_products_on_order_id' AND type='index'
            UNION ALL
            SELECT sql
            FROM sqlite_temp_master
            WHERE name='index_rails_marketplace_order_products_on_order_id' AND type='index'
[0m
  [1m[35m (0.1ms)[0m              SELECT sql
            FROM sqlite_master
            WHERE name='index_rails_marketplace_order_products_on_product_id' AND type='index'
            UNION ALL
            SELECT sql
            FROM sqlite_temp_master
            WHERE name='index_rails_marketplace_order_products_on_product_id' AND type='index'

  [1m[36m (0.2ms)[0m  [1mCREATE  INDEX "tindex_arails_marketplace_order_products_on_seller_id" ON "arails_marketplace_order_products" ("seller_id")[0m
  [1m[35m (0.3ms)[0m  CREATE  INDEX "tindex_arails_marketplace_order_products_on_order_id" ON "arails_marketplace_order_products" ("order_id")
  [1m[36m (0.4ms)[0m  [1mCREATE  INDEX "tindex_arails_marketplace_order_products_on_product_id" ON "arails_marketplace_order_products" ("product_id")[0m
  [1m[35m (0.1ms)[0m  SELECT * FROM "rails_marketplace_order_products"
  [1m[36m (0.5ms)[0m  [1mDROP TABLE "rails_marketplace_order_products"[0m
  [1m[35m (0.3ms)[0m  CREATE TABLE "rails_marketplace_order_products" ("id" INTEGER PRIMARY KEY AUTOINCREMENT NOT NULL, "product_id" integer, "order_id" integer, "quantity" integer, "price" varchar, "created_at" datetime NOT NULL, "updated_at" datetime NOT NULL) 
  [1m[36m (0.1ms)[0m  [1m            SELECT sql
            FROM sqlite_master
            WHERE name='tindex_arails_marketplace_order_products_on_product_id' AND type='index'
            UNION ALL
            SELECT sql
            FROM sqlite_temp_master
            WHERE name='tindex_arails_marketplace_order_products_on_product_id' AND type='index'
[0m
  [1m[35m (0.1ms)[0m              SELECT sql
            FROM sqlite_master
            WHERE name='tindex_arails_marketplace_order_products_on_order_id' AND type='index'
            UNION ALL
            SELECT sql
            FROM sqlite_temp_master
            WHERE name='tindex_arails_marketplace_order_products_on_order_id' AND type='index'

  [1m[36m (0.2ms)[0m  [1m            SELECT sql
            FROM sqlite_master
            WHERE name='tindex_arails_marketplace_order_products_on_seller_id' AND type='index'
            UNION ALL
            SELECT sql
            FROM sqlite_temp_master
            WHERE name='tindex_arails_marketplace_order_products_on_seller_id' AND type='index'
[0m
  [1m[35m (0.2ms)[0m  CREATE  INDEX "index_rails_marketplace_order_products_on_product_id" ON "rails_marketplace_order_products" ("product_id")
  [1m[36m (0.2ms)[0m  [1m            SELECT sql
            FROM sqlite_master
            WHERE name='index_rails_marketplace_order_products_on_product_id' AND type='index'
            UNION ALL
            SELECT sql
            FROM sqlite_temp_master
            WHERE name='index_rails_marketplace_order_products_on_product_id' AND type='index'
[0m
  [1m[35m (0.3ms)[0m  CREATE  INDEX "index_rails_marketplace_order_products_on_order_id" ON "rails_marketplace_order_products" ("order_id")
  [1m[36m (0.1ms)[0m  [1mSELECT * FROM "arails_marketplace_order_products"[0m
  [1m[35m (0.3ms)[0m  DROP TABLE "arails_marketplace_order_products"
  [1m[36mSQL (0.2ms)[0m  [1mINSERT INTO "schema_migrations" ("version") VALUES (?)[0m  [["version", "20161207193917"]]
  [1m[35m (166.4ms)[0m  commit transaction
Migrating to AddPriceToCartProducts (20161208012601)
  [1m[36m (0.2ms)[0m  [1mbegin transaction[0m
  [1m[35m (0.7ms)[0m  ALTER TABLE "rails_marketplace_cart_products" ADD "price" decimal(8,2)
  [1m[36m (0.4ms)[0m  [1mCREATE TEMPORARY TABLE "arails_marketplace_order_products" ("id" INTEGER PRIMARY KEY AUTOINCREMENT NOT NULL, "product_id" integer, "order_id" integer, "quantity" integer, "price" varchar, "created_at" datetime NOT NULL, "updated_at" datetime NOT NULL) [0m
  [1m[35m (0.2ms)[0m              SELECT sql
            FROM sqlite_master
            WHERE name='index_rails_marketplace_order_products_on_order_id' AND type='index'
            UNION ALL
            SELECT sql
            FROM sqlite_temp_master
            WHERE name='index_rails_marketplace_order_products_on_order_id' AND type='index'

  [1m[36m (0.2ms)[0m  [1m            SELECT sql
            FROM sqlite_master
            WHERE name='index_rails_marketplace_order_products_on_product_id' AND type='index'
            UNION ALL
            SELECT sql
            FROM sqlite_temp_master
            WHERE name='index_rails_marketplace_order_products_on_product_id' AND type='index'
[0m
  [1m[35m (0.3ms)[0m  CREATE  INDEX "tindex_arails_marketplace_order_products_on_order_id" ON "arails_marketplace_order_products" ("order_id")
  [1m[36m (0.3ms)[0m  [1mCREATE  INDEX "tindex_arails_marketplace_order_products_on_product_id" ON "arails_marketplace_order_products" ("product_id")[0m
  [1m[35m (0.2ms)[0m  SELECT * FROM "rails_marketplace_order_products"
  [1m[36m (0.6ms)[0m  [1mDROP TABLE "rails_marketplace_order_products"[0m
  [1m[35m (0.3ms)[0m  CREATE TABLE "rails_marketplace_order_products" ("id" INTEGER PRIMARY KEY AUTOINCREMENT NOT NULL, "product_id" integer, "order_id" integer, "quantity" integer, "price" decimal(8,2), "created_at" datetime NOT NULL, "updated_at" datetime NOT NULL) 
  [1m[36m (0.3ms)[0m  [1m            SELECT sql
            FROM sqlite_master
            WHERE name='tindex_arails_marketplace_order_products_on_product_id' AND type='index'
            UNION ALL
            SELECT sql
            FROM sqlite_temp_master
            WHERE name='tindex_arails_marketplace_order_products_on_product_id' AND type='index'
[0m
  [1m[35m (0.2ms)[0m              SELECT sql
            FROM sqlite_master
            WHERE name='tindex_arails_marketplace_order_products_on_order_id' AND type='index'
            UNION ALL
            SELECT sql
            FROM sqlite_temp_master
            WHERE name='tindex_arails_marketplace_order_products_on_order_id' AND type='index'

  [1m[36m (0.3ms)[0m  [1mCREATE  INDEX "index_rails_marketplace_order_products_on_product_id" ON "rails_marketplace_order_products" ("product_id")[0m
  [1m[35m (0.1ms)[0m              SELECT sql
            FROM sqlite_master
            WHERE name='index_rails_marketplace_order_products_on_product_id' AND type='index'
            UNION ALL
            SELECT sql
            FROM sqlite_temp_master
            WHERE name='index_rails_marketplace_order_products_on_product_id' AND type='index'

  [1m[36m (0.2ms)[0m  [1mCREATE  INDEX "index_rails_marketplace_order_products_on_order_id" ON "rails_marketplace_order_products" ("order_id")[0m
  [1m[35m (0.1ms)[0m  SELECT * FROM "arails_marketplace_order_products"
  [1m[36m (0.3ms)[0m  [1mDROP TABLE "arails_marketplace_order_products"[0m
  [1m[35mSQL (0.2ms)[0m  INSERT INTO "schema_migrations" ("version") VALUES (?)  [["version", "20161208012601"]]
  [1m[36m (147.9ms)[0m  [1mcommit transaction[0m
Migrating to AddMoneyToCartProducts (20161208013402)
  [1m[35m (0.1ms)[0m  begin transaction
  [1m[36mSQL (0.3ms)[0m  [1mINSERT INTO "schema_migrations" ("version") VALUES (?)[0m  [["version", "20161208013402"]]
  [1m[35m (131.8ms)[0m  commit transaction
Migrating to CreateSellerSettings (20170217183953)
  [1m[36m (0.1ms)[0m  [1mbegin transaction[0m
  [1m[35m (0.6ms)[0m  CREATE TABLE "rails_marketplace_seller_settings" ("id" INTEGER PRIMARY KEY AUTOINCREMENT NOT NULL, "store_name" varchar, "store_customer_email" varchar, "shipping_origin_company_name" varchar, "shipping_origin_address1" varchar, "shipping_origin_address2" varchar, "shipping_origin_city" varchar, "shipping_origin_zip" varchar, "shipping_origin_country" varchar, "shipping_origin_state" varchar, "shipping_origin_phone" varchar, "shipping_standard_enabled" boolean, "shipping_standard_fee" varchar, "shipping_standard_delivery_date" varchar, "shipping_expediate_enabled" boolean, "shipping_expediate_fee" varchar, "shipping_expediate_delivery_date" varchar, "store_status" varchar) 
  [1m[36mSQL (0.3ms)[0m  [1mINSERT INTO "schema_migrations" ("version") VALUES (?)[0m  [["version", "20170217183953"]]
  [1m[35m (141.1ms)[0m  commit transaction
Migrating to CreateAdminSettings (20170218003202)
  [1m[36m (0.1ms)[0m  [1mbegin transaction[0m
  [1m[35m (0.6ms)[0m  CREATE TABLE "rails_marketplace_admin_settings" ("id" INTEGER PRIMARY KEY AUTOINCREMENT NOT NULL, "timezone" varchar, "unit_system" varchar, "weight_unit" varchar, "order_prefix" varchar, "order_suffix" varchar, "checkout_customer_account" varchar, "checkout_req_last_name" varchar, "checkout_req_company_name" varchar, "checkout_req_address2" varchar, "checkout_req_phone" varchar, "checkout_same_shipping_billing" boolean, "checkout_agree_promotion" varchar, "refund_policy" text, "privacy_policy" text, "terms_of_service" text) 
  [1m[36mSQL (0.2ms)[0m  [1mINSERT INTO "schema_migrations" ("version") VALUES (?)[0m  [["version", "20170218003202"]]
  [1m[35m (154.2ms)[0m  commit transaction
Migrating to CreateStripeManagedAccounts (20170224230449)
  [1m[36m (0.1ms)[0m  [1mbegin transaction[0m
  [1m[35m (0.5ms)[0m  CREATE TABLE "rails_marketplace_stripe_managed_accounts" ("id" INTEGER PRIMARY KEY AUTOINCREMENT NOT NULL, "account_id" varchar, "secret_key" varchar, "public_key" varchar) 
  [1m[36mSQL (0.3ms)[0m  [1mINSERT INTO "schema_migrations" ("version") VALUES (?)[0m  [["version", "20170224230449"]]
  [1m[35m (142.1ms)[0m  commit transaction
Migrating to AddStripeToAdminSettings (20170224233736)
  [1m[36m (0.1ms)[0m  [1mbegin transaction[0m
  [1m[35m (0.3ms)[0m  CREATE TEMPORARY TABLE "arails_marketplace_admins" ("id" INTEGER PRIMARY KEY AUTOINCREMENT NOT NULL, "name" varchar, "email" varchar, "password" varchar, "password_digest" varchar, "created_at" datetime NOT NULL, "updated_at" datetime NOT NULL, "stripe_publishable_key" varchar, "stripe_secret_key" varchar) 
  [1m[36m (0.1ms)[0m  [1mSELECT * FROM "rails_marketplace_admins"[0m
  [1m[35m (0.4ms)[0m  DROP TABLE "rails_marketplace_admins"
  [1m[36m (0.6ms)[0m  [1mCREATE TABLE "rails_marketplace_admins" ("id" INTEGER PRIMARY KEY AUTOINCREMENT NOT NULL, "name" varchar, "email" varchar, "password" varchar, "password_digest" varchar, "created_at" datetime NOT NULL, "updated_at" datetime NOT NULL, "stripe_secret_key" varchar) [0m
  [1m[35m (0.2ms)[0m  SELECT * FROM "arails_marketplace_admins"
  [1m[36m (0.5ms)[0m  [1mDROP TABLE "arails_marketplace_admins"[0m
  [1m[35m (0.4ms)[0m  CREATE TEMPORARY TABLE "arails_marketplace_admins" ("id" INTEGER PRIMARY KEY AUTOINCREMENT NOT NULL, "name" varchar, "email" varchar, "password" varchar, "password_digest" varchar, "created_at" datetime NOT NULL, "updated_at" datetime NOT NULL, "stripe_secret_key" varchar) 
  [1m[36m (0.2ms)[0m  [1mSELECT * FROM "rails_marketplace_admins"[0m
  [1m[35m (0.6ms)[0m  DROP TABLE "rails_marketplace_admins"
  [1m[36m (0.5ms)[0m  [1mCREATE TABLE "rails_marketplace_admins" ("id" INTEGER PRIMARY KEY AUTOINCREMENT NOT NULL, "name" varchar, "email" varchar, "password" varchar, "password_digest" varchar, "created_at" datetime NOT NULL, "updated_at" datetime NOT NULL) [0m
  [1m[35m (0.2ms)[0m  SELECT * FROM "arails_marketplace_admins"
  [1m[36m (0.2ms)[0m  [1mDROP TABLE "arails_marketplace_admins"[0m
  [1m[35m (0.4ms)[0m  ALTER TABLE "rails_marketplace_admin_settings" ADD "stripe_publishable_key" varchar
  [1m[36m (0.4ms)[0m  [1mALTER TABLE "rails_marketplace_admin_settings" ADD "stripe_secret_key" varchar[0m
  [1m[35mSQL (0.3ms)[0m  INSERT INTO "schema_migrations" ("version") VALUES (?)  [["version", "20170224233736"]]
  [1m[36m (112.4ms)[0m  [1mcommit transaction[0m
Migrating to AddIdToSettings (20170224235259)
  [1m[35m (0.1ms)[0m  begin transaction
  [1m[36m (0.5ms)[0m  [1mALTER TABLE "rails_marketplace_admin_settings" ADD "admin_id" varchar[0m
  [1m[35m (0.4ms)[0m  ALTER TABLE "rails_marketplace_seller_settings" ADD "seller_id" varchar
  [1m[36mSQL (0.2ms)[0m  [1mINSERT INTO "schema_migrations" ("version") VALUES (?)[0m  [["version", "20170224235259"]]
  [1m[35m (152.8ms)[0m  commit transaction
Migrating to DeleteStripeAccounts (20170225002939)
  [1m[36m (0.2ms)[0m  [1mbegin transaction[0m
  [1m[35m (0.7ms)[0m  DROP TABLE "rails_marketplace_stripe_managed_accounts"
  [1m[36m (0.5ms)[0m  [1mALTER TABLE "rails_marketplace_seller_settings" ADD "stripe_publishable_key" varchar[0m
  [1m[35m (0.4ms)[0m  ALTER TABLE "rails_marketplace_seller_settings" ADD "stripe_secret_key" varchar
  [1m[36mSQL (0.2ms)[0m  [1mINSERT INTO "schema_migrations" ("version") VALUES (?)[0m  [["version", "20170225002939"]]
  [1m[35m (127.4ms)[0m  commit transaction
Migrating to AddStripeAccountIdToSellerSettings (20170225003252)
  [1m[36m (0.1ms)[0m  [1mbegin transaction[0m
  [1m[35m (0.5ms)[0m  ALTER TABLE "rails_marketplace_seller_settings" ADD "stripe_account_id" varchar
  [1m[36mSQL (0.2ms)[0m  [1mINSERT INTO "schema_migrations" ("version") VALUES (?)[0m  [["version", "20170225003252"]]
  [1m[35m (131.0ms)[0m  commit transaction
  [1m[36mActiveRecord::SchemaMigration Load (0.3ms)[0m  [1mSELECT "schema_migrations".* FROM "schema_migrations"[0m
  [1m[35m (0.2ms)[0m              SELECT sql
            FROM sqlite_master
            WHERE name='index_rails_marketplace_cart_products_on_cart_id' AND type='index'
            UNION ALL
            SELECT sql
            FROM sqlite_temp_master
            WHERE name='index_rails_marketplace_cart_products_on_cart_id' AND type='index'

  [1m[36m (0.2ms)[0m  [1m            SELECT sql
            FROM sqlite_master
            WHERE name='index_rails_marketplace_cart_products_on_product_id' AND type='index'
            UNION ALL
            SELECT sql
            FROM sqlite_temp_master
            WHERE name='index_rails_marketplace_cart_products_on_product_id' AND type='index'
[0m
  [1m[35m (0.2ms)[0m              SELECT sql
            FROM sqlite_master
            WHERE name='index_rails_marketplace_carts_on_customer_id' AND type='index'
            UNION ALL
            SELECT sql
            FROM sqlite_temp_master
            WHERE name='index_rails_marketplace_carts_on_customer_id' AND type='index'

  [1m[36m (0.2ms)[0m  [1m            SELECT sql
            FROM sqlite_master
            WHERE name='index_rails_marketplace_categories_on_slug' AND type='index'
            UNION ALL
            SELECT sql
            FROM sqlite_temp_master
            WHERE name='index_rails_marketplace_categories_on_slug' AND type='index'
[0m
  [1m[35m (0.2ms)[0m              SELECT sql
            FROM sqlite_master
            WHERE name='index_rails_marketplace_categories_on_parent_id' AND type='index'
            UNION ALL
            SELECT sql
            FROM sqlite_temp_master
            WHERE name='index_rails_marketplace_categories_on_parent_id' AND type='index'

  [1m[36m (0.2ms)[0m  [1m            SELECT sql
            FROM sqlite_master
            WHERE name='index_rails_marketplace_category_products_on_category_id' AND type='index'
            UNION ALL
            SELECT sql
            FROM sqlite_temp_master
            WHERE name='index_rails_marketplace_category_products_on_category_id' AND type='index'
[0m
  [1m[35m (0.2ms)[0m              SELECT sql
            FROM sqlite_master
            WHERE name='index_rails_marketplace_category_products_on_product_id' AND type='index'
            UNION ALL
            SELECT sql
            FROM sqlite_temp_master
            WHERE name='index_rails_marketplace_category_products_on_product_id' AND type='index'

  [1m[36m (0.2ms)[0m  [1m            SELECT sql
            FROM sqlite_master
            WHERE name='index_rails_marketplace_friendly_id_slugs_on_sluggable_id' AND type='index'
            UNION ALL
            SELECT sql
            FROM sqlite_temp_master
            WHERE name='index_rails_marketplace_friendly_id_slugs_on_sluggable_id' AND type='index'
[0m
  [1m[35m (0.2ms)[0m              SELECT sql
            FROM sqlite_master
            WHERE name='index_rails_marketplace_order_products_on_order_id' AND type='index'
            UNION ALL
            SELECT sql
            FROM sqlite_temp_master
            WHERE name='index_rails_marketplace_order_products_on_order_id' AND type='index'

  [1m[36m (0.2ms)[0m  [1m            SELECT sql
            FROM sqlite_master
            WHERE name='index_rails_marketplace_order_products_on_product_id' AND type='index'
            UNION ALL
            SELECT sql
            FROM sqlite_temp_master
            WHERE name='index_rails_marketplace_order_products_on_product_id' AND type='index'
[0m
  [1m[35m (0.2ms)[0m              SELECT sql
            FROM sqlite_master
            WHERE name='index_rails_marketplace_orders_on_seller_id' AND type='index'
            UNION ALL
            SELECT sql
            FROM sqlite_temp_master
            WHERE name='index_rails_marketplace_orders_on_seller_id' AND type='index'

  [1m[36m (0.2ms)[0m  [1m            SELECT sql
            FROM sqlite_master
            WHERE name='index_rails_marketplace_orders_on_customer_id' AND type='index'
            UNION ALL
            SELECT sql
            FROM sqlite_temp_master
            WHERE name='index_rails_marketplace_orders_on_customer_id' AND type='index'
[0m
  [1m[35m (0.2ms)[0m              SELECT sql
            FROM sqlite_master
            WHERE name='index_rails_marketplace_products_on_slug' AND type='index'
            UNION ALL
            SELECT sql
            FROM sqlite_temp_master
            WHERE name='index_rails_marketplace_products_on_slug' AND type='index'

  [1m[36m (0.2ms)[0m  [1m            SELECT sql
            FROM sqlite_master
            WHERE name='index_rails_marketplace_products_on_seller_id' AND type='index'
            UNION ALL
            SELECT sql
            FROM sqlite_temp_master
            WHERE name='index_rails_marketplace_products_on_seller_id' AND type='index'
[0m
  [1m[35m (0.2ms)[0m              SELECT sql
            FROM sqlite_master
            WHERE name='index_rails_marketplace_products_on_price' AND type='index'
            UNION ALL
            SELECT sql
            FROM sqlite_temp_master
            WHERE name='index_rails_marketplace_products_on_price' AND type='index'

  [1m[36m (0.2ms)[0m  [1m            SELECT sql
            FROM sqlite_master
            WHERE name='index_rails_marketplace_products_on_title' AND type='index'
            UNION ALL
            SELECT sql
            FROM sqlite_temp_master
            WHERE name='index_rails_marketplace_products_on_title' AND type='index'
[0m
